Using pre-set license

 COMMAND LINE ARGUMENTS:
/Applications/Unity/2020.3.3f1/Unity.app/Contents/MacOS/Unity
-adb2
-batchMode
-noUpm
-name
AssetImportWorker0
-projectPath
/Users/nejcanclin/Documents/Outfit7/UNITY/OMG - Unity Projects/DONE/OMG_Snake
-logFile
Logs/AssetImportWorker0.log
-srvPort
51824
Successfully changed project path to: /Users/nejcanclin/Documents/Outfit7/UNITY/OMG - Unity Projects/DONE/OMG_Snake
/Users/nejcanclin/Documents/Outfit7/UNITY/OMG - Unity Projects/DONE/OMG_Snake
Using Asset Import Pipeline V2.
Refreshing native plugins compatible for Editor in 22.38 ms, found 1 plugins.
Preloading 0 native plugins for Editor in 0.00 ms.
Initialize engine version: 2020.3.3f1 (76626098c1c4)
[Subsystems] Discovering subsystems at path /Applications/Unity/2020.3.3f1/Unity.app/Contents/Resources/UnitySubsystems
[Subsystems] Discovering subsystems at path /Users/nejcanclin/Documents/Outfit7/UNITY/OMG - Unity Projects/DONE/OMG_Snake/Assets
GfxDevice: creating device client; threaded=0
2022-02-09 18:38:15.203 Unity[6951:305169] DELL SE2719H preferred device: AMD Radeon Pro 5300M (high power)
2022-02-09 18:38:15.203 Unity[6951:305169] Metal devices available: 2
2022-02-09 18:38:15.203 Unity[6951:305169] 0: AMD Radeon Pro 5300M (high power)
2022-02-09 18:38:15.203 Unity[6951:305169] 1: Intel(R) UHD Graphics 630 (low power)
2022-02-09 18:38:15.204 Unity[6951:305169] Using device AMD Radeon Pro 5300M (high power)
Initializing Metal device caps: AMD Radeon Pro 5300M
Initialize mono
Mono path[0] = '/Applications/Unity/2020.3.3f1/Unity.app/Contents/Managed'
Mono path[1] = '/Applications/Unity/2020.3.3f1/Unity.app/Contents/MonoBleedingEdge/lib/mono/unityjit'
Mono config path = '/Applications/Unity/2020.3.3f1/Unity.app/Contents/MonoBleedingEdge/etc'
Using monoOptions --debugger-agent=transport=dt_socket,embedding=1,server=y,suspend=n,address=127.0.0.1:56951
Begin MonoManager ReloadAssembly
Registering precompiled unity dll's ...
Register platform support module: /Applications/Unity/2020.3.3f1/PlaybackEngines/WebGLSupport/UnityEditor.WebGL.Extensions.dll
Register platform support module: /Applications/Unity/2020.3.3f1/Unity.app/Contents/PlaybackEngines/MacStandaloneSupport/UnityEditor.OSXStandalone.Extensions.dll
Registered in 0.002411 seconds.
Native extension for OSXStandalone target not found
Native extension for WebGL target not found
Refreshing native plugins compatible for Editor in 26.94 ms, found 1 plugins.
Preloading 0 native plugins for Editor in 0.00 ms.
Invoked RoslynAnalysisRunner static constructor.
RoslynAnalysisRunner will not be running.
RoslynAnalysisRunner has terminated.
Mono: successfully reloaded assembly
- Completed reload, in  1.699 seconds
Platform modules already initialized, skipping
Registering precompiled user dll's ...
Registered in 0.001095 seconds.
Begin MonoManager ReloadAssembly
Native extension for OSXStandalone target not found
Native extension for WebGL target not found
Refreshing native plugins compatible for Editor in 0.20 ms, found 1 plugins.
Preloading 0 native plugins for Editor in 0.00 ms.
Invoked RoslynAnalysisRunner static constructor.
RoslynAnalysisRunner will not be running.
RoslynAnalysisRunner has terminated.
Mono: successfully reloaded assembly
- Completed reload, in  1.244 seconds
Platform modules already initialized, skipping
========================================================================
Worker process is ready to serve import requests
Launching external process: /Applications/Unity/2020.3.3f1/Unity.app/Contents/Tools/UnityShaderCompiler
Launched and connected shader compiler UnityShaderCompiler after 0.01 seconds
Refreshing native plugins compatible for Editor in 0.20 ms, found 1 plugins.
Preloading 0 native plugins for Editor in 0.00 ms.
Unloading 1115 Unused Serialized files (Serialized files now loaded: 0)
System memory in use before: 111.1 MB.
System memory in use after: 111.2 MB.

Unloading 9 unused Assets to reduce memory usage. Loaded Objects now: 1558.
Total: 2.593133 ms (FindLiveObjects: 0.270886 ms CreateObjectMapping: 0.089012 ms MarkObjects: 2.151165 ms  DeleteObjects: 0.080616 ms)

========================================================================
Received Import Request.
  path: Assets/Code/SnakeController.cs
  artifactKey: Guid(e0035a413101346398a319012472ac33) Importer(815301076,1909f56bfc062723c751e8b465ee728b)
Start importing Assets/Code/SnakeController.cs using Guid(e0035a413101346398a319012472ac33) Importer(815301076,1909f56bfc062723c751e8b465ee728b)  -> (artifact id: '79058b24100d10ebffe014e096ab579b') in 0.369245 seconds
  Import took 0.371925 seconds .

AssetImportWorkerClient::OnTransportError - code=2 error=End of file
